
Nov 11, 2019 23:25:46.24 NEW SESSION
Nov 11, 2019 23:25:46.31 [13444:16364:1111/232545.941:ERROR:connection_factory_impl.cc(417)] Failed to connect to MCS endpoint with error -106
Nov 11, 2019 23:26:10.29 [13444:16364:1111/232610.294:ERROR:connection_factory_impl.cc(417)] Failed to connect to MCS endpoint with error -106
Nov 11, 2019 23:27:04.59 [13444:16364:1111/232704.590:ERROR:connection_factory_impl.cc(417)] Failed to connect to MCS endpoint with error -106

Nov 14, 2019 14:27:23.90 NEW SESSION
Nov 14, 2019 14:27:23.90 [18580:20380:1114/142723.901:ERROR:connection_factory_impl.cc(417)] Failed to connect to MCS endpoint with error -118
Nov 14, 2019 14:46:17.55 [18580:20380:1114/144617.557:ERROR:socket_stream.cc(218)] Closing stream with result -2
Nov 14, 2019 15:45:29.72 [18580:20380:1114/154529.719:ERROR:connection_factory_impl.cc(417)] Failed to connect to MCS endpoint with error -7
Nov 14, 2019 15:45:37.09 [18580:21236:1114/154537.093:ERROR:gcm_channel_status_request.cc(145)] GCM channel request failed.
Nov 14, 2019 15:46:14.65 [18580:20380:1114/154614.653:ERROR:connection_factory_impl.cc(417)] Failed to connect to MCS endpoint with error -118
Nov 14, 2019 15:48:53.66 [18580:20380:1114/154853.669:ERROR:connection_factory_impl.cc(417)] Failed to connect to MCS endpoint with error -118
Nov 14, 2019 16:56:08.64 [18580:20380:1114/165608.641:ERROR:connection_factory_impl.cc(417)] Failed to connect to MCS endpoint with error -118
Nov 14, 2019 17:08:02.65 [18580:20380:1114/170802.651:ERROR:connection_factory_impl.cc(417)] Failed to connect to MCS endpoint with error -118
Nov 14, 2019 17:38:55.37 [18580:20380:1114/173855.366:ERROR:socket_stream.cc(218)] Closing stream with result -2
Nov 14, 2019 17:55:11.54 [18580:20380:1114/175511.543:ERROR:connection_factory_impl.cc(417)] Failed to connect to MCS endpoint with error -7
Nov 14, 2019 17:55:15.82 [18580:20380:1114/175515.828:ERROR:connection_factory_impl.cc(417)] Failed to connect to MCS endpoint with error -106
Nov 14, 2019 17:55:43.85 [18580:20380:1114/175543.854:ERROR:connection_factory_impl.cc(417)] Failed to connect to MCS endpoint with error -118
Nov 14, 2019 17:58:50.39 [18580:20380:1114/175850.391:ERROR:socket_stream.cc(218)] Closing stream with result -2
Nov 14, 2019 19:32:44.67 [18580:20380:1114/193244.679:ERROR:connection_factory_impl.cc(417)] Failed to connect to MCS endpoint with error -7
Nov 14, 2019 19:32:59.10 [18580:21236:1114/193244.687:ERROR:gcm_channel_status_request.cc(145)] GCM channel request failed.
Nov 14, 2019 19:32:59.19 [18580:20380:1114/193252.134:ERROR:connection_factory_impl.cc(417)] Failed to connect to MCS endpoint with error -21
Nov 14, 2019 19:33:16.17 [18580:20380:1114/193316.172:ERROR:connection_factory_impl.cc(417)] Failed to connect to MCS endpoint with error -118
Nov 14, 2019 19:38:05.67 [18580:20380:1114/193805.672:ERROR:connection_factory_impl.cc(417)] Failed to connect to MCS endpoint with error -118
Nov 14, 2019 19:53:40.65 [18580:20380:1114/195340.654:ERROR:connection_factory_impl.cc(417)] Failed to connect to MCS endpoint with error -118
Nov 14, 2019 20:40:03.67 [18580:20380:1114/204003.674:ERROR:connection_factory_impl.cc(417)] Failed to connect to MCS endpoint with error -118
Nov 14, 2019 20:45:53.15 [18580:20380:1114/204553.157:ERROR:connection_factory_impl.cc(417)] Failed to connect to MCS endpoint with error -118
Nov 14, 2019 21:11:03.55 [18580:20380:1114/211103.551:ERROR:socket_stream.cc(218)] Closing stream with result -2
Nov 14, 2019 21:21:42.55 [18580:20380:1114/212142.550:ERROR:connection_factory_impl.cc(417)] Failed to connect to MCS endpoint with error -7
Nov 14, 2019 21:21:45.32 [18580:16904:1114/212144.230:ERROR:get_updates_processor.cc(246)] PostClientToServerMessage() failed during GetUpdates
Nov 14, 2019 21:21:47.90 [18580:20380:1114/212147.905:ERROR:connection_factory_impl.cc(417)] Failed to connect to MCS endpoint with error -106
Nov 14, 2019 21:22:17.38 [18580:20380:1114/212217.382:ERROR:connection_factory_impl.cc(417)] Failed to connect to MCS endpoint with error -118
Nov 14, 2019 21:44:50.75 [18580:20380:1114/214450.751:ERROR:socket_stream.cc(218)] Closing stream with result -2
Nov 14, 2019 21:54:54.50 [18580:20380:1114/215454.503:ERROR:connection_factory_impl.cc(417)] Failed to connect to MCS endpoint with error -7
Nov 14, 2019 21:54:59.93 [18580:20380:1114/215459.492:ERROR:connection_factory_impl.cc(417)] Failed to connect to MCS endpoint with error -106
Nov 14, 2019 21:55:29.24 [18580:20380:1114/215529.247:ERROR:connection_factory_impl.cc(417)] Failed to connect to MCS endpoint with error -118
Nov 14, 2019 21:58:40.69 [18580:20380:1114/215840.691:ERROR:socket_stream.cc(218)] Closing stream with result -2
Nov 14, 2019 23:35:49.51 [18580:20380:1114/233549.511:ERROR:connection_factory_impl.cc(417)] Failed to connect to MCS endpoint with error -7
Nov 14, 2019 23:35:51.67 [18580:21236:1114/233549.531:ERROR:gcm_channel_status_request.cc(145)] GCM channel request failed.
Nov 14, 2019 23:35:55.36 [18580:20380:1114/233555.365:ERROR:connection_factory_impl.cc(417)] Failed to connect to MCS endpoint with error -106
Nov 15, 2019 01:20:28.20 [18580:20380:1115/012028.202:ERROR:socket_stream.cc(218)] Closing stream with result -2

Nov 19, 2019 16:29:03.61 NEW SESSION
Nov 19, 2019 16:29:03.61 [14648:3100:1119/162903.496:ERROR:connection_factory_impl.cc(417)] Failed to connect to MCS endpoint with error -118
Nov 19, 2019 18:08:07.48 [14648:3100:1119/180807.488:ERROR:socket_stream.cc(218)] Closing stream with result -2
Nov 19, 2019 18:09:41.28 [14648:3100:1119/180941.288:ERROR:connection_factory_impl.cc(417)] Failed to connect to MCS endpoint with error -118
Nov 19, 2019 18:39:17.38 [14648:3100:1119/183917.383:ERROR:socket_stream.cc(218)] Closing stream with result -2
Nov 19, 2019 18:39:23.38 [14648:3100:1119/183923.388:ERROR:connection_factory_impl.cc(417)] Failed to connect to MCS endpoint with error -105
Nov 19, 2019 18:39:50.73 [14648:3100:1119/183950.734:ERROR:connection_factory_impl.cc(417)] Failed to connect to MCS endpoint with error -105
Nov 19, 2019 18:40:54.11 [14648:3100:1119/184054.117:ERROR:connection_factory_impl.cc(417)] Failed to connect to MCS endpoint with error -105
Nov 19, 2019 18:42:22.38 [14648:3100:1119/184222.381:ERROR:connection_factory_impl.cc(417)] Failed to connect to MCS endpoint with error -105
Nov 19, 2019 18:46:40.35 [14648:3100:1119/184640.356:ERROR:connection_factory_impl.cc(417)] Failed to connect to MCS endpoint with error -118
Nov 19, 2019 18:55:18.22 [14648:3100:1119/185518.220:ERROR:socket_stream.cc(218)] Closing stream with result -2
Nov 19, 2019 18:57:29.87 [14648:3100:1119/185729.879:ERROR:connection_factory_impl.cc(417)] Failed to connect to MCS endpoint with error -118
Nov 19, 2019 18:58:16.16 [14648:3100:1119/185816.160:ERROR:connection_factory_impl.cc(417)] Failed to connect to MCS endpoint with error -118
Nov 19, 2019 20:14:43.51 [14648:3100:1119/201443.518:ERROR:socket_stream.cc(218)] Closing stream with result -2
Nov 19, 2019 22:17:54.54 [14648:3100:1119/221754.544:ERROR:connection_factory_impl.cc(417)] Failed to connect to MCS endpoint with error -7
Nov 19, 2019 22:18:00.20 [14648:10976:1119/221800.206:ERROR:gcm_channel_status_request.cc(145)] GCM channel request failed.
Nov 19, 2019 22:18:00.76 [14648:3100:1119/221800.766:ERROR:connection_factory_impl.cc(417)] Failed to connect to MCS endpoint with error -106
Nov 19, 2019 23:20:57.80 [14648:3100:1119/232057.809:ERROR:socket_stream.cc(218)] Closing stream with result -2
Nov 20, 2019 14:29:12.66 [14648:10976:1120/142912.666:ERROR:gcm_channel_status_request.cc(145)] GCM channel request failed.
Nov 20, 2019 14:29:15.96 [14648:14484:1120/142912.672:ERROR:get_updates_processor.cc(246)] PostClientToServerMessage() failed during GetUpdates
Nov 20, 2019 14:29:16.44 [14648:3100:1120/142916.445:ERROR:connection_factory_impl.cc(417)] Failed to connect to MCS endpoint with error -106
Nov 20, 2019 14:29:29.71 [14648:14484:1120/142929.714:ERROR:get_updates_processor.cc(246)] PostClientToServerMessage() failed during GetUpdates
Nov 20, 2019 14:29:53.72 [14648:3100:1120/142953.721:ERROR:connection_factory_impl.cc(417)] Failed to connect to MCS endpoint with error -118
Nov 20, 2019 14:34:56.71 [14648:3100:1120/143456.711:ERROR:connection_factory_impl.cc(417)] Failed to connect to MCS endpoint with error -118
Nov 20, 2019 14:35:21.86 [14648:3168:1120/143521.868:ERROR:gcm_store_impl.cc(630)] LevelDB remove failed: NotFound: 
Nov 20, 2019 14:35:21.89 [14648:3100:1120/143521.868:ERROR:mcs_client.cc(530)] GCM Update failed!
Nov 20, 2019 14:46:35.70 [14648:3100:1120/144635.707:ERROR:socket_stream.cc(218)] Closing stream with result -2
Nov 20, 2019 14:55:18.59 [14648:3100:1120/145518.591:ERROR:connection_factory_impl.cc(417)] Failed to connect to MCS endpoint with error -7
Nov 20, 2019 14:55:22.36 [14648:3100:1120/145522.364:ERROR:connection_factory_impl.cc(417)] Failed to connect to MCS endpoint with error -106
Nov 20, 2019 14:55:49.72 [14648:3100:1120/145549.725:ERROR:connection_factory_impl.cc(417)] Failed to connect to MCS endpoint with error -118
Nov 20, 2019 16:29:08.56 [14648:3100:1120/162908.563:ERROR:connection_factory_impl.cc(417)] Failed to connect to MCS endpoint with error -106
Nov 20, 2019 16:29:31.34 [14648:3100:1120/162931.345:ERROR:connection_factory_impl.cc(417)] Failed to connect to MCS endpoint with error -106
Nov 20, 2019 16:30:21.43 [14648:3100:1120/163021.430:ERROR:connection_factory_impl.cc(417)] Failed to connect to MCS endpoint with error -106
Nov 20, 2019 16:31:42.36 [14648:3100:1120/163142.365:ERROR:connection_factory_impl.cc(417)] Failed to connect to MCS endpoint with error -106
Nov 20, 2019 16:34:29.58 [14648:3100:1120/163429.588:ERROR:connection_factory_impl.cc(417)] Failed to connect to MCS endpoint with error -106
Nov 20, 2019 16:41:07.87 [14648:10976:1120/164107.873:ERROR:gcm_channel_status_request.cc(145)] GCM channel request failed.
Nov 20, 2019 16:41:30.66 [14648:10976:1120/164130.668:ERROR:gcm_channel_status_request.cc(145)] GCM channel request failed.
Nov 20, 2019 16:42:16.45 [14648:3100:1120/164216.457:ERROR:connection_factory_impl.cc(417)] Failed to connect to MCS endpoint with error -106
Nov 20, 2019 16:42:30.34 [14648:10976:1120/164230.342:ERROR:gcm_channel_status_request.cc(145)] GCM channel request failed.
Nov 20, 2019 16:44:19.05 [14648:10976:1120/164419.059:ERROR:gcm_channel_status_request.cc(145)] GCM channel request failed.
Nov 20, 2019 16:47:21.46 [14648:10976:1120/164721.466:ERROR:gcm_channel_status_request.cc(145)] GCM channel request failed.
Nov 20, 2019 16:52:16.46 [14648:3100:1120/165216.461:ERROR:connection_factory_impl.cc(417)] Failed to connect to MCS endpoint with error -106
Nov 20, 2019 16:52:44.97 [14648:10976:1120/165244.973:ERROR:gcm_channel_status_request.cc(145)] GCM channel request failed.
Nov 20, 2019 22:55:19.96 [14648:10976:1120/225519.968:ERROR:gcm_channel_status_request.cc(145)] GCM channel request failed.
Nov 20, 2019 22:55:21.53 [14648:3100:1120/225520.557:ERROR:connection_factory_impl.cc(417)] Failed to connect to MCS endpoint with error -106
Nov 20, 2019 22:55:21.92 [14648:14484:1120/225521.928:ERROR:get_updates_processor.cc(246)] PostClientToServerMessage() failed during GetUpdates
Nov 20, 2019 22:56:36.93 [14648:14484:1120/225636.933:ERROR:get_updates_processor.cc(246)] PostClientToServerMessage() failed during GetUpdates

Nov 21, 2019 09:16:05.05 NEW SESSION
Nov 21, 2019 09:16:05.05 [13788:13892:1121/091605.046:ERROR:model_association_manager.cc(458)] Passwords datatype error was encountered: Association timed out.
Nov 21, 2019 09:16:06.27 [13788:13892:1121/091606.270:ERROR:account_tracker.cc(241)] AccessTokenFetched error: Connection failed (-331).
Nov 21, 2019 09:16:06.37 [13788:13892:1121/091606.377:ERROR:gcm_channel_status_request.cc(145)] GCM channel request failed.
Nov 21, 2019 09:16:06.96 [13788:11480:1121/091606.968:ERROR:connection_factory_impl.cc(417)] Failed to connect to MCS endpoint with error -106
Nov 21, 2019 09:16:20.88 [13788:5456:1121/091620.881:ERROR:shared_change_processor.cc(196)] Passwords datatype error was encountered: Change processor disconnected.
Nov 21, 2019 09:16:35.61 [13788:13892:1121/091635.616:ERROR:gcm_channel_status_request.cc(145)] GCM channel request failed.
Nov 21, 2019 09:16:36.84 [13788:11480:1121/091636.840:ERROR:connection_factory_impl.cc(417)] Failed to connect to MCS endpoint with error -106
Nov 21, 2019 09:17:16.28 [13788:11480:1121/091716.288:ERROR:connection_factory_impl.cc(417)] Failed to connect to MCS endpoint with error -118
Nov 21, 2019 09:30:29.67 [13788:11480:1121/093029.676:ERROR:connection_factory_impl.cc(417)] Failed to connect to MCS endpoint with error -118
Nov 21, 2019 09:31:58.02 [13788:11480:1121/093158.025:ERROR:socket_stream.cc(218)] Closing stream with result -2
Nov 21, 2019 14:20:07.97 [13788:11480:1121/142007.972:ERROR:connection_factory_impl.cc(417)] Failed to connect to MCS endpoint with error -7
Nov 21, 2019 14:20:10.73 [13788:13892:1121/142009.503:ERROR:gcm_channel_status_request.cc(145)] GCM channel request failed.
Nov 21, 2019 14:20:10.78 [13788:11480:1121/142010.783:ERROR:connection_factory_impl.cc(417)] Failed to connect to MCS endpoint with error -106
Nov 21, 2019 14:20:11.34 [13788:17412:1121/142011.345:ERROR:get_updates_processor.cc(246)] PostClientToServerMessage() failed during GetUpdates
Nov 21, 2019 14:20:41.34 [13788:11480:1121/142041.345:ERROR:connection_factory_impl.cc(417)] Failed to connect to MCS endpoint with error -118
Nov 21, 2019 14:30:05.23 [13788:11480:1121/143005.234:ERROR:connection_factory_impl.cc(417)] Failed to connect to MCS endpoint with error -106
Nov 21, 2019 14:30:33.08 [13788:11480:1121/143033.087:ERROR:connection_factory_impl.cc(417)] Failed to connect to MCS endpoint with error -106
Nov 21, 2019 14:31:28.79 [13788:11480:1121/143128.796:ERROR:connection_factory_impl.cc(417)] Failed to connect to MCS endpoint with error -106
Nov 21, 2019 14:32:57.87 [13788:11480:1121/143257.879:ERROR:connection_factory_impl.cc(417)] Failed to connect to MCS endpoint with error -106
Nov 21, 2019 14:36:47.02 [13788:11480:1121/143647.024:ERROR:connection_factory_impl.cc(417)] Failed to connect to MCS endpoint with error -106
Nov 21, 2019 14:42:47.80 [13788:11480:1121/144247.806:ERROR:connection_factory_impl.cc(417)] Failed to connect to MCS endpoint with error -106
Nov 21, 2019 14:52:47.81 [13788:11480:1121/145247.810:ERROR:connection_factory_impl.cc(417)] Failed to connect to MCS endpoint with error -106
Nov 21, 2019 15:03:29.70 [13788:11480:1121/150329.706:ERROR:connection_factory_impl.cc(417)] Failed to connect to MCS endpoint with error -106
Nov 21, 2019 15:13:29.70 [13788:11480:1121/151329.708:ERROR:connection_factory_impl.cc(417)] Failed to connect to MCS endpoint with error -106
Nov 21, 2019 16:00:27.46 [13788:13892:1121/160027.461:ERROR:gcm_channel_status_request.cc(145)] GCM channel request failed.
Nov 21, 2019 16:00:31.08 [13788:11480:1121/160027.635:ERROR:connection_factory_impl.cc(417)] Failed to connect to MCS endpoint with error -106
Nov 21, 2019 16:00:54.19 [13788:13892:1121/160054.191:ERROR:gcm_channel_status_request.cc(145)] GCM channel request failed.
Nov 21, 2019 16:01:46.16 [13788:13892:1121/160146.166:ERROR:gcm_channel_status_request.cc(145)] GCM channel request failed.
Nov 21, 2019 16:03:21.73 [13788:13892:1121/160321.730:ERROR:gcm_channel_status_request.cc(145)] GCM channel request failed.
Nov 21, 2019 16:06:33.42 [13788:13892:1121/160633.425:ERROR:gcm_channel_status_request.cc(145)] GCM channel request failed.
Nov 21, 2019 16:10:10.49 [13788:11480:1121/161010.495:ERROR:connection_factory_impl.cc(417)] Failed to connect to MCS endpoint with error -118
Nov 21, 2019 16:21:34.40 [13788:11480:1121/162134.403:ERROR:socket_stream.cc(218)] Closing stream with result -2
Nov 21, 2019 16:26:34.92 [13788:11480:1121/162634.924:ERROR:connection_factory_impl.cc(417)] Failed to connect to MCS endpoint with error -118
Nov 21, 2019 16:59:19.71 [13788:11480:1121/165919.716:ERROR:connection_factory_impl.cc(417)] Failed to connect to MCS endpoint with error -118
Nov 21, 2019 17:25:41.86 [13788:11480:1121/172541.866:ERROR:socket_stream.cc(218)] Closing stream with result -2
Nov 21, 2019 17:28:10.93 [13788:11480:1121/172810.938:ERROR:connection_factory_impl.cc(417)] Failed to connect to MCS endpoint with error -118
Nov 21, 2019 17:34:27.22 [13788:11480:1121/173427.225:ERROR:connection_factory_impl.cc(417)] Failed to connect to MCS endpoint with error -118
Nov 21, 2019 17:59:18.94 [13788:11480:1121/175918.943:ERROR:socket_stream.cc(218)] Closing stream with result -2
Nov 21, 2019 18:41:49.73 [13788:11480:1121/184149.729:ERROR:connection_factory_impl.cc(417)] Failed to connect to MCS endpoint with error -7
Nov 21, 2019 18:41:52.57 [13788:13892:1121/184149.743:ERROR:gcm_channel_status_request.cc(145)] GCM channel request failed.
Nov 21, 2019 18:41:54.11 [13788:11480:1121/184154.118:ERROR:connection_factory_impl.cc(417)] Failed to connect to MCS endpoint with error -106
Nov 21, 2019 18:41:56.10 [13788:17412:1121/184154.119:ERROR:get_updates_processor.cc(246)] PostClientToServerMessage() failed during GetUpdates
Nov 22, 2019 15:00:30.05 [13412:3468:1122/150030.050:ERROR:connection_factory_impl.cc(417)] Failed to connect to MCS endpoint with error -106
Nov 22, 2019 15:00:50.59 [13412:7480:1122/150050.591:ERROR:account_tracker.cc(241)] AccessTokenFetched error: Connection failed (-106).
Nov 22, 2019 15:00:57.59 [13412:3468:1122/150057.599:ERROR:connection_factory_impl.cc(417)] Failed to connect to MCS endpoint with error -106
Nov 22, 2019 15:01:40.05 [13412:3468:1122/150140.052:ERROR:connection_factory_impl.cc(417)] Failed to connect to MCS endpoint with error -106
Nov 22, 2019 15:02:32.01 [13412:7480:1122/150232.011:ERROR:gcm_channel_status_request.cc(145)] GCM channel request failed.
Nov 22, 2019 15:02:54.53 [13412:7480:1122/150254.533:ERROR:gcm_channel_status_request.cc(145)] GCM channel request failed.
Nov 22, 2019 15:03:03.89 [13412:3468:1122/150303.899:ERROR:connection_factory_impl.cc(417)] Failed to connect to MCS endpoint with error -106
Nov 22, 2019 16:11:15.12 [9348:14392:1122/161115.122:ERROR:shared_change_processor.cc(196)] Passwords datatype error was encountered: Change processor disconnected.
Nov 22, 2019 19:19:00.14 [8760:8940:1122/191900.146:ERROR:socket_stream.cc(218)] Closing stream with result -2
Nov 22, 2019 22:50:28.22 [8760:12496:1122/225028.224:ERROR:gcm_channel_status_request.cc(145)] GCM channel request failed.

Nov 30, 2019 12:15:19.62 NEW SESSION
Nov 30, 2019 12:15:19.62 [1916:7064:1130/121519.607:ERROR:connection_factory_impl.cc(417)] Failed to connect to MCS endpoint with error -106
Nov 30, 2019 12:15:43.95 [1916:7028:1130/121543.958:ERROR:account_tracker.cc(241)] AccessTokenFetched error: Connection failed (-106).
Nov 30, 2019 12:15:44.59 [1916:7028:1130/121544.598:ERROR:account_tracker.cc(241)] AccessTokenFetched error: Connection failed (-106).
Nov 30, 2019 12:15:45.64 [1916:7064:1130/121545.645:ERROR:connection_factory_impl.cc(417)] Failed to connect to MCS endpoint with error -106
Nov 30, 2019 12:16:34.43 [1916:7064:1130/121634.439:ERROR:connection_factory_impl.cc(417)] Failed to connect to MCS endpoint with error -106
Nov 30, 2019 12:31:06.78 [1916:7064:1130/123106.780:ERROR:connection_factory_impl.cc(417)] Failed to connect to MCS endpoint with error -106
Nov 30, 2019 12:31:20.39 [1916:7064:1130/123120.391:ERROR:connection_factory_impl.cc(417)] Failed to connect to MCS endpoint with error -21
Nov 30, 2019 12:31:31.00 [1916:8032:1130/123131.007:ERROR:get_updates_processor.cc(246)] PostClientToServerMessage() failed during GetUpdates
Nov 30, 2019 21:28:22.73 [1916:7064:1130/212822.737:ERROR:connection_factory_impl.cc(417)] Failed to connect to MCS endpoint with error -7
Nov 30, 2019 21:28:23.00 [1916:7064:1130/212822.737:ERROR:checkin_request.cc(223)] Failed to get checkin response. Fetcher failed. Retrying.
Nov 30, 2019 21:28:23.03 [1916:7028:1130/212823.034:ERROR:gcm_channel_status_request.cc(145)] GCM channel request failed.
Nov 30, 2019 21:28:24.12 [1916:8032:1130/212824.127:ERROR:get_updates_processor.cc(246)] PostClientToServerMessage() failed during GetUpdates
Nov 30, 2019 21:28:24.48 [1916:8032:1130/212824.485:ERROR:get_updates_processor.cc(246)] PostClientToServerMessage() failed during GetUpdates
